<?xml version="1.0" encoding="UTF-8"?>
<testng-results ignored="0" total="1" passed="1" failed="0" skipped="0">
  <reporter-output>
  </reporter-output>
  <suite started-at="2022-05-02T19:44:39 IST" name="Default suite" finished-at="2022-05-02T19:45:42 IST" duration-ms="63420">
    <groups>
    </groups>
    <test started-at="2022-05-02T19:44:39 IST" name="Default test" finished-at="2022-05-02T19:45:42 IST" duration-ms="63420">
      <class name="maven.mavenproject.BrowsersOpen">
        <test-method is-config="true" signature="launchBrowser()[pri:0, instance:maven.mavenproject.BrowsersOpen@441772e]" started-at="2022-05-02T19:44:17 IST" name="launchBrowser" finished-at="2022-05-02T19:44:39 IST" duration-ms="21503" status="PASS">
          <reporter-output>
          </reporter-output>
        </test-method> <!-- launchBrowser -->
        <test-method is-config="true" signature="openGoogle()[pri:0, instance:maven.mavenproject.BrowsersOpen@441772e]" started-at="2022-05-02T19:44:39 IST" name="openGoogle" finished-at="2022-05-02T19:44:48 IST" duration-ms="8986" status="PASS">
          <reporter-output>
          </reporter-output>
        </test-method> <!-- openGoogle -->
        <test-method is-config="true" signature="openBing()[pri:0, instance:maven.mavenproject.BrowsersOpen@441772e]" started-at="2022-05-02T19:44:48 IST" name="openBing" finished-at="2022-05-02T19:44:51 IST" duration-ms="2842" status="PASS">
          <reporter-output>
          </reporter-output>
        </test-method> <!-- openBing -->
        <test-method is-config="true" signature="openyahoo()[pri:0, instance:maven.mavenproject.BrowsersOpen@441772e]" started-at="2022-05-02T19:44:51 IST" name="openyahoo" finished-at="2022-05-02T19:44:57 IST" duration-ms="6157" status="PASS">
          <reporter-output>
          </reporter-output>
        </test-method> <!-- openyahoo -->
        <test-method signature="openEdureka()[pri:0, instance:maven.mavenproject.BrowsersOpen@441772e]" started-at="2022-05-02T19:44:57 IST" name="openEdureka" finished-at="2022-05-02T19:45:11 IST" duration-ms="14501" status="PASS">
          <reporter-output>
          </reporter-output>
        </test-method> <!-- openEdureka -->
        <test-method is-config="true" signature="openFacebook()[pri:0, instance:maven.mavenproject.BrowsersOpen@441772e]" started-at="2022-05-02T19:45:11 IST" name="openFacebook" finished-at="2022-05-02T19:45:16 IST" duration-ms="4499" status="PASS">
          <reporter-output>
          </reporter-output>
        </test-method> <!-- openFacebook -->
        <test-method is-config="true" signature="opentwitter()[pri:0, instance:maven.mavenproject.BrowsersOpen@441772e]" started-at="2022-05-02T19:45:16 IST" name="opentwitter" finished-at="2022-05-02T19:45:31 IST" duration-ms="15291" status="PASS">
          <reporter-output>
          </reporter-output>
        </test-method> <!-- opentwitter -->
        <test-method is-config="true" signature="openFlipkart()[pri:0, instance:maven.mavenproject.BrowsersOpen@441772e]" started-at="2022-05-02T19:45:31 IST" name="openFlipkart" finished-at="2022-05-02T19:45:42 IST" duration-ms="10964" status="PASS">
          <reporter-output>
          </reporter-output>
        </test-method> <!-- openFlipkart -->
        <test-method is-config="true" signature="closeBrowser()[pri:0, instance:maven.mavenproject.BrowsersOpen@441772e]" started-at="2022-05-02T19:45:43 IST" name="closeBrowser" finished-at="2022-05-02T19:45:44 IST" duration-ms="1227" status="PASS">
          <reporter-output>
          </reporter-output>
        </test-method> <!-- closeBrowser -->
      </class> <!-- maven.mavenproject.BrowsersOpen -->
    </test> <!-- Default test -->
  </suite> <!-- Default suite -->
</testng-results>
